<?xml version="1.0" encoding="UTF-8"?>
<!-- Generated by org.testng.reporters.JUnitReportReporter -->
<testsuite skipped="0" hostname="juneds-MacBook-Pro.local" name="Tests.HomePageTest" tests="2" failures="0" timestamp="28 Sep 2018 15:12:51 GMT" time="57.190" errors="0">
  <testcase name="testRoundTripFlightWithOneAdult" time="40.944" classname="Tests.HomePageTest"/>
  <testcase name="ValidateHeroBannerImgUrl" time="16.246" classname="Tests.HomePageTest"/>
</testsuite> <!-- Tests.HomePageTest -->
