<?xml version="1.0" encoding="UTF-8"?>
<!-- Generated by org.testng.reporters.JUnitReportReporter -->
<testsuite skipped="0" hostname="juneds-MacBook-Pro.local" name="Tests.DataDrivenTests.RecentSearchesPageTest" tests="1" failures="0" timestamp="28 Sep 2018 15:12:51 GMT" time="18.413" errors="0">
  <testcase name="navbarLinksTest" time="18.413" classname="Tests.DataDrivenTests.RecentSearchesPageTest"/>
</testsuite> <!-- Tests.DataDrivenTests.RecentSearchesPageTest -->
